<?xml version="1.0" encoding="UTF-8"?>
<!-- Generated by org.testng.reporters.JUnitReportReporter -->
<testsuite hostname="ONAI-BLRLTP078" name="runners.MainRunner" tests="3" failures="0" timestamp="16 Jul 2019 10:33:29 GMT" time="87.103" errors="0">
  <testcase name="feature" time="34.622" classname="runners.MainRunner"/>
  <testcase name="feature" time="35.280" classname="runners.MainRunner"/>
  <testcase name="feature" time="17.201" classname="runners.MainRunner"/>
</testsuite> <!-- runners.MainRunner -->
